[2022-06-09T17:09:28.903] [DEBUG] cheese - login => username:张三ff,password:123gggg
[2022-06-09T17:09:28.907] [DEBUG] cheese - 张三ff
[2022-06-09T17:09:28.942] [DEBUG] cheese - { inspect: [Function: inspect] }
[2022-06-09T17:09:28.944] [DEBUG] cheese - 查询失败
[2022-06-09T17:10:48.927] [DEBUG] cheese - login => username:张三ffff,password:123fff
[2022-06-09T17:10:48.931] [DEBUG] cheese - 张三ffff
[2022-06-09T17:10:49.046] [DEBUG] cheese - { inspect: [Function: inspect] }
[2022-06-09T17:10:49.047] [DEBUG] cheese - 查询失败
[2022-06-09T17:26:29.507] [DEBUG] cheese - login => username:admin,password:12345678
[2022-06-09T17:26:29.515] [DEBUG] cheese - admin
[2022-06-09T17:26:29.594] [DEBUG] cheese - null
[2022-06-09T17:26:29.594] [DEBUG] cheese - null
[2022-06-09T17:26:49.537] [DEBUG] cheese - login => username:zce,password:12345678
[2022-06-09T17:26:49.537] [DEBUG] cheese - zce
[2022-06-09T17:26:49.543] [DEBUG] cheese - null
[2022-06-09T17:26:49.543] [DEBUG] cheese - null
[2022-06-09T17:27:00.154] [DEBUG] cheese - login => username:zce,password:123123
[2022-06-09T17:27:00.154] [DEBUG] cheese - zce
[2022-06-09T17:27:00.158] [DEBUG] cheese - null
[2022-06-09T17:27:00.158] [DEBUG] cheese - null
[2022-06-09T17:27:58.306] [DEBUG] cheese - login => username:admin,password:123123
[2022-06-09T17:27:58.308] [DEBUG] cheese - admin
[2022-06-09T17:27:58.328] [DEBUG] cheese - null
[2022-06-09T17:27:58.329] [DEBUG] cheese - null
[2022-06-09T17:28:07.435] [DEBUG] cheese - login => username:admin,password:12345678
[2022-06-09T17:28:07.435] [DEBUG] cheese - admin
[2022-06-09T17:28:07.442] [DEBUG] cheese - null
[2022-06-09T17:28:07.443] [DEBUG] cheese - null
[2022-06-09T17:28:26.010] [DEBUG] cheese - login => username:admin,password:12345678
[2022-06-09T17:28:26.011] [DEBUG] cheese - admin
[2022-06-09T17:28:26.018] [DEBUG] cheese - null
[2022-06-09T17:28:26.019] [DEBUG] cheese - null
[2022-06-09T17:28:40.623] [DEBUG] cheese - login => username:admin,password:12345678
[2022-06-09T17:28:40.623] [DEBUG] cheese - admin
[2022-06-09T17:28:40.631] [DEBUG] cheese - null
[2022-06-09T17:28:40.632] [DEBUG] cheese - null
[2022-06-09T17:28:54.517] [DEBUG] cheese - login => username:admin,password:123456
[2022-06-09T17:28:54.517] [DEBUG] cheese - admin
[2022-06-09T17:28:54.522] [DEBUG] cheese - null
[2022-06-09T17:28:54.522] [DEBUG] cheese - null
[2022-06-09T17:47:29.638] [DEBUG] cheese - login => username:张三112,password:1233333
[2022-06-09T17:47:29.642] [DEBUG] cheese - 张三112
[2022-06-09T17:47:29.771] [DEBUG] cheese - null
[2022-06-09T17:47:29.771] [DEBUG] cheese - null
[2022-06-09T17:47:38.295] [DEBUG] cheese - login => username:admin,password:123456
[2022-06-09T17:47:38.295] [DEBUG] cheese - admin
[2022-06-09T17:47:38.301] [DEBUG] cheese - null
[2022-06-09T17:47:38.301] [DEBUG] cheese - null
[2022-06-09T17:52:17.187] [DEBUG] cheese - login => username:admin,password:123456
[2022-06-09T17:52:17.190] [DEBUG] cheese - admin
[2022-06-09T17:52:17.230] [DEBUG] cheese - null
[2022-06-09T17:52:17.230] [DEBUG] cheese - null
[2022-06-09T17:54:59.945] [DEBUG] cheese - login => username:admin,password:123456
[2022-06-09T17:54:59.946] [DEBUG] cheese - admin
[2022-06-09T17:55:00.062] [DEBUG] cheese - null
[2022-06-09T17:55:00.062] [DEBUG] cheese - null
[2022-06-09T17:55:19.411] [DEBUG] cheese - login => username:admin,password:123456
[2022-06-09T17:55:19.411] [DEBUG] cheese - admin
[2022-06-09T17:55:19.420] [DEBUG] cheese - null
[2022-06-09T17:55:19.420] [DEBUG] cheese - null
[2022-06-09T18:07:29.802] [DEBUG] cheese - login => username:admin,password:123456
[2022-06-09T18:07:29.808] [DEBUG] cheese - admin
[2022-06-09T18:07:30.016] [DEBUG] cheese - null
[2022-06-09T18:07:30.017] [DEBUG] cheese - null
[2022-06-09T18:09:16.185] [DEBUG] cheese - login => username:admin,password:123456
[2022-06-09T18:09:16.186] [DEBUG] cheese - admin
[2022-06-09T18:09:16.195] [DEBUG] cheese - null
[2022-06-09T18:09:16.195] [DEBUG] cheese - null
[2022-06-10T14:40:57.789] [DEBUG] cheese - login => username:admin,password:123456
[2022-06-10T14:40:57.795] [DEBUG] cheese - admin
[2022-06-10T14:40:58.001] [DEBUG] cheese - null
[2022-06-10T14:40:58.002] [DEBUG] cheese - null
[2022-06-10T15:13:10.954] [DEBUG] cheese - login => username:admin,password:123456
[2022-06-10T15:13:10.960] [DEBUG] cheese - admin
[2022-06-10T15:13:11.193] [DEBUG] cheese - null
[2022-06-10T15:13:11.193] [DEBUG] cheese - null
[2022-06-10T15:13:56.095] [DEBUG] cheese - login => username:admin,password:123456
[2022-06-10T15:13:56.097] [DEBUG] cheese - admin
[2022-06-10T15:13:56.124] [DEBUG] cheese - null
[2022-06-10T15:13:56.124] [DEBUG] cheese - null
[2022-06-10T16:01:34.872] [DEBUG] cheese - login => username:admin,password:123456
[2022-06-10T16:01:34.881] [DEBUG] cheese - admin
[2022-06-10T16:01:34.916] [DEBUG] cheese - null
[2022-06-10T16:01:34.917] [DEBUG] cheese - null
[2022-06-10T16:29:59.004] [DEBUG] cheese - login => username:admin,password:123456
[2022-06-10T16:29:59.012] [DEBUG] cheese - admin
[2022-06-10T16:29:59.045] [DEBUG] cheese - null
[2022-06-10T16:29:59.046] [DEBUG] cheese - null
[2022-06-10T18:13:03.548] [DEBUG] cheese - login => username:admin,password:123456
[2022-06-10T18:13:03.566] [DEBUG] cheese - admin
[2022-06-10T18:13:03.608] [DEBUG] cheese - null
[2022-06-10T18:13:03.609] [DEBUG] cheese - null
[2022-06-11T12:44:45.599] [DEBUG] cheese - login => username:admin,password:123456
[2022-06-11T12:44:45.600] [DEBUG] cheese - admin
[2022-06-11T12:44:45.624] [DEBUG] cheese - null
[2022-06-11T12:44:45.624] [DEBUG] cheese - null
[2022-06-12T13:47:03.331] [DEBUG] cheese - login => username:admin,password:123456
[2022-06-12T13:47:03.343] [DEBUG] cheese - admin
[2022-06-12T13:47:03.669] [DEBUG] cheese - null
[2022-06-12T13:47:03.671] [DEBUG] cheese - null
[2022-06-12T15:27:22.725] [DEBUG] cheese - null
[2022-06-12T15:30:14.974] [DEBUG] cheese - null
[2022-06-12T15:30:22.534] [DEBUG] cheese - null
[2022-06-13T18:21:46.705] [DEBUG] cheese - login => username:admin,password:123456
[2022-06-13T18:21:46.707] [DEBUG] cheese - admin
[2022-06-13T18:21:46.770] [DEBUG] cheese - null
[2022-06-13T18:21:46.770] [DEBUG] cheese - null
[2022-06-14T16:49:18.375] [DEBUG] cheese - login => username:admin,password:123456
[2022-06-14T16:49:18.393] [DEBUG] cheese - admin
[2022-06-14T16:49:18.669] [DEBUG] cheese - null
[2022-06-14T16:49:18.683] [DEBUG] cheese - null
[2022-06-14T18:05:59.987] [DEBUG] cheese - login => username:admin,password:123456
[2022-06-14T18:06:00.006] [DEBUG] cheese - admin
[2022-06-14T18:06:00.085] [DEBUG] cheese - null
[2022-06-14T18:06:00.089] [DEBUG] cheese - null
[2022-06-14T18:13:23.635] [DEBUG] cheese - login => username:admin,password:123456
[2022-06-14T18:13:23.637] [DEBUG] cheese - admin
[2022-06-14T18:13:23.640] [DEBUG] cheese - null
[2022-06-14T18:13:23.641] [DEBUG] cheese - null
[2022-06-15T18:26:12.659] [DEBUG] cheese - login => username:admin,password:123456
[2022-06-15T18:26:12.662] [DEBUG] cheese - admin
[2022-06-15T18:26:12.725] [DEBUG] cheese - null
[2022-06-15T18:26:12.726] [DEBUG] cheese - null
[2022-06-18T15:29:12.278] [DEBUG] cheese - login => username:admin,password:123456
[2022-06-18T15:29:12.282] [DEBUG] cheese - admin
[2022-06-18T15:29:12.355] [DEBUG] cheese - null
[2022-06-18T15:29:12.355] [DEBUG] cheese - null
[2022-06-18T17:49:07.238] [DEBUG] cheese - login => username:admin,password:123456
[2022-06-18T17:49:07.241] [DEBUG] cheese - admin
[2022-06-18T17:49:07.263] [DEBUG] cheese - null
[2022-06-18T17:49:07.264] [DEBUG] cheese - null
[2022-06-19T13:31:13.523] [DEBUG] cheese - login => username:admin,password:123456
[2022-06-19T13:31:13.532] [DEBUG] cheese - admin
[2022-06-19T13:31:13.830] [DEBUG] cheese - null
[2022-06-19T13:31:13.840] [DEBUG] cheese - null
[2022-06-19T14:50:55.199] [DEBUG] cheese - login => username:admin,password:123456
[2022-06-19T14:50:55.203] [DEBUG] cheese - admin
[2022-06-19T14:50:55.212] [DEBUG] cheese - null
[2022-06-19T14:50:55.213] [DEBUG] cheese - null
[2022-06-19T16:46:30.351] [DEBUG] cheese - null
[2022-06-19T17:10:40.937] [DEBUG] cheese - login => username:admin,password:123456
[2022-06-19T17:10:40.940] [DEBUG] cheese - admin
[2022-06-19T17:10:41.193] [DEBUG] cheese - null
[2022-06-19T17:10:41.194] [DEBUG] cheese - null
[2022-06-19T19:22:20.490] [DEBUG] cheese - login => username:admin,password:123456
[2022-06-19T19:22:20.501] [DEBUG] cheese - admin
[2022-06-19T19:22:20.531] [DEBUG] cheese - null
[2022-06-19T19:22:20.533] [DEBUG] cheese - null
[2022-06-19T20:09:23.517] [DEBUG] cheese - login => username:admin,password:123456
[2022-06-19T20:09:23.534] [DEBUG] cheese - admin
[2022-06-19T20:09:23.826] [DEBUG] cheese - null
[2022-06-19T20:09:23.828] [DEBUG] cheese - null
[2022-06-20T10:48:38.152] [DEBUG] cheese - login => username:admin,password:123456
[2022-06-20T10:48:38.156] [DEBUG] cheese - admin
[2022-06-20T10:48:38.636] [DEBUG] cheese - login => username:admin,password:123456
[2022-06-20T10:48:38.636] [DEBUG] cheese - admin
[2022-06-20T10:48:38.980] [DEBUG] cheese - null
[2022-06-20T10:48:38.982] [DEBUG] cheese - null
[2022-06-20T10:48:39.521] [DEBUG] cheese - null
[2022-06-20T10:48:39.521] [DEBUG] cheese - null
[2022-06-20T11:09:37.243] [DEBUG] cheese - login => username:admin,password:123456
[2022-06-20T11:09:37.251] [DEBUG] cheese - admin
[2022-06-20T11:09:37.260] [DEBUG] cheese - null
[2022-06-20T11:09:37.261] [DEBUG] cheese - null
[2022-06-20T11:10:11.922] [DEBUG] cheese - login => username:admin,password:123456
[2022-06-20T11:10:11.922] [DEBUG] cheese - admin
[2022-06-20T11:10:11.926] [DEBUG] cheese - null
[2022-06-20T11:10:11.926] [DEBUG] cheese - null
[2022-06-20T11:16:35.406] [DEBUG] cheese - login => username:admin,password:123456
[2022-06-20T11:16:35.407] [DEBUG] cheese - admin
[2022-06-20T11:16:35.419] [DEBUG] cheese - null
[2022-06-20T11:16:35.420] [DEBUG] cheese - null
[2022-06-20T12:15:05.329] [DEBUG] cheese - login => username:admin,password:123456
[2022-06-20T12:15:05.344] [DEBUG] cheese - admin
[2022-06-20T12:15:05.641] [DEBUG] cheese - null
[2022-06-20T12:15:05.642] [DEBUG] cheese - null
[2022-06-20T15:19:57.861] [DEBUG] cheese - login => username:admin,password:123456
[2022-06-20T15:19:57.880] [DEBUG] cheese - admin
[2022-06-20T15:19:58.101] [DEBUG] cheese - null
[2022-06-20T15:19:58.104] [DEBUG] cheese - null
[2022-06-20T15:32:04.504] [DEBUG] cheese - login => username:admin,password:123456
[2022-06-20T15:32:04.519] [DEBUG] cheese - admin
[2022-06-20T15:32:04.780] [DEBUG] cheese - null
[2022-06-20T15:32:04.781] [DEBUG] cheese - null
[2022-06-20T15:57:57.888] [DEBUG] cheese - login => username:admin,password:123456
[2022-06-20T15:57:57.902] [DEBUG] cheese - admin
[2022-06-20T15:57:58.121] [DEBUG] cheese - null
[2022-06-20T15:57:58.124] [DEBUG] cheese - null
[2022-06-20T17:05:13.446] [DEBUG] cheese - login => username:admin,password:123456
[2022-06-20T17:05:13.449] [DEBUG] cheese - admin
[2022-06-20T17:05:13.561] [DEBUG] cheese - null
[2022-06-20T17:05:13.561] [DEBUG] cheese - null
[2022-06-20T17:11:17.671] [DEBUG] cheese - login => username:admin,password:123456
[2022-06-20T17:11:17.677] [DEBUG] cheese - admin
[2022-06-20T17:11:17.690] [DEBUG] cheese - null
[2022-06-20T17:11:17.691] [DEBUG] cheese - null
[2022-06-20T17:17:33.303] [DEBUG] cheese - login => username:admin,password:123456
[2022-06-20T17:17:33.310] [DEBUG] cheese - admin
[2022-06-20T17:17:33.473] [DEBUG] cheese - null
[2022-06-20T17:17:33.473] [DEBUG] cheese - null
[2022-06-20T17:35:07.598] [DEBUG] cheese - login => username:admin,password:123456
[2022-06-20T17:35:07.613] [DEBUG] cheese - admin
[2022-06-20T17:35:07.758] [DEBUG] cheese - null
[2022-06-20T17:35:07.759] [DEBUG] cheese - null
[2022-06-20T17:36:38.833] [DEBUG] cheese - login => username:admin,password:123456
[2022-06-20T17:36:38.835] [DEBUG] cheese - admin
[2022-06-20T17:36:38.940] [DEBUG] cheese - null
[2022-06-20T17:36:38.941] [DEBUG] cheese - null
[2022-06-20T18:05:44.510] [DEBUG] cheese - login => username:admin,password:123456
[2022-06-20T18:05:44.515] [DEBUG] cheese - admin
[2022-06-20T18:05:44.856] [DEBUG] cheese - null
[2022-06-20T18:05:44.857] [DEBUG] cheese - null
[2022-06-20T18:21:44.607] [DEBUG] cheese - login => username:admin,password:123456
[2022-06-20T18:21:44.614] [DEBUG] cheese - admin
[2022-06-20T18:21:44.784] [DEBUG] cheese - null
[2022-06-20T18:21:44.784] [DEBUG] cheese - null
[2022-06-20T18:23:19.291] [DEBUG] cheese - login => username:admin,password:123456
[2022-06-20T18:23:19.292] [DEBUG] cheese - admin
[2022-06-20T18:23:19.329] [DEBUG] cheese - null
[2022-06-20T18:23:19.329] [DEBUG] cheese - null
[2022-06-20T18:29:46.693] [DEBUG] cheese - login => username:admin,password:123456
[2022-06-20T18:29:46.693] [DEBUG] cheese - admin
[2022-06-20T18:29:46.717] [DEBUG] cheese - null
[2022-06-20T18:29:46.717] [DEBUG] cheese - null
[2022-06-20T18:58:31.646] [DEBUG] cheese - login => username:admin,password:123456
[2022-06-20T18:58:31.650] [DEBUG] cheese - admin
[2022-06-20T18:58:31.718] [DEBUG] cheese - null
[2022-06-20T18:58:31.719] [DEBUG] cheese - null
[2022-06-20T18:58:42.345] [DEBUG] cheese - login => username:admin,password:123456
[2022-06-20T18:58:42.346] [DEBUG] cheese - admin
[2022-06-20T18:58:42.352] [DEBUG] cheese - null
[2022-06-20T18:58:42.352] [DEBUG] cheese - null
[2022-06-20T18:58:54.461] [DEBUG] cheese - login => username:admin,password:123456
[2022-06-20T18:58:54.463] [DEBUG] cheese - admin
[2022-06-20T18:58:54.467] [DEBUG] cheese - null
[2022-06-20T18:58:54.467] [DEBUG] cheese - null
[2022-08-10T16:10:02.283] [DEBUG] cheese - login => username:admin,password:123456
[2022-08-10T16:10:02.285] [DEBUG] cheese - admin
[2022-08-10T16:10:02.392] [DEBUG] cheese - null
[2022-08-10T16:10:02.393] [DEBUG] cheese - null
